<?xml version="1.0" encoding="UTF-8"?>
<!-- Generated by org.testng.reporters.JUnitReportReporter -->
<testsuite hostname="Himaz-WL" failures="0" tests="11" name="com.qa.testcases.ChromeTest" time="217.537" errors="0" timestamp="2024-11-30T20:14:34 IST" skipped="0">
  <testcase classname="com.qa.testcases.ChromeTest" name="testMethodEight" time="24.702"/>
  <system-out/>
  <testcase classname="com.qa.testcases.ChromeTest" name="testMethodSix" time="18.109"/>
  <system-out/>
  <testcase classname="com.qa.testcases.ChromeTest" name="testMethodTwo" time="18.808"/>
  <system-out/>
  <testcase classname="com.qa.testcases.ChromeTest" name="testMethodFour" time="15.753"/>
  <system-out/>
  <testcase classname="com.qa.testcases.ChromeTest" name="verifyLogin" time="28.140"/>
  <system-out/>
  <testcase classname="com.qa.testcases.ChromeTest" name="testMethodNine" time="18.395"/>
  <system-out/>
  <testcase classname="com.qa.testcases.ChromeTest" name="testMethodTen" time="18.026"/>
  <system-out/>
  <testcase classname="com.qa.testcases.ChromeTest" name="testMethodThree" time="17.532"/>
  <system-out/>
  <testcase classname="com.qa.testcases.ChromeTest" name="testMethodSeven" time="17.537"/>
  <system-out/>
  <testcase classname="com.qa.testcases.ChromeTest" name="testMethodOne" time="22.396"/>
  <system-out/>
  <testcase classname="com.qa.testcases.ChromeTest" name="testMethodFive" time="18.139"/>
  <system-out/>
</testsuite> <!-- com.qa.testcases.ChromeTest -->
