<?xml version="1.0" encoding="UTF-8"?>
<!-- Generated by org.testng.reporters.JUnitReportReporter -->
<testsuite hostname="Himaz-WL" failures="0" tests="11" name="com.qa.testcases.HimazTestPage" time="229.953" errors="0" timestamp="2024-11-30T20:14:34 IST" skipped="0">
  <testcase classname="com.qa.testcases.HimazTestPage" name="testMethodEight" time="23.620"/>
  <system-out/>
  <testcase classname="com.qa.testcases.HimazTestPage" name="testMethodOne" time="17.874"/>
  <system-out/>
  <testcase classname="com.qa.testcases.HimazTestPage" name="testMethodFive" time="19.336"/>
  <system-out/>
  <testcase classname="com.qa.testcases.HimazTestPage" name="testMethodTen" time="2.877"/>
  <system-out/>
  <testcase classname="com.qa.testcases.HimazTestPage" name="testMethodThree" time="30.376"/>
  <system-out/>
  <testcase classname="com.qa.testcases.HimazTestPage" name="testMethodSix" time="17.911"/>
  <system-out/>
  <testcase classname="com.qa.testcases.HimazTestPage" name="verifyLogin" time="24.684"/>
  <system-out/>
  <testcase classname="com.qa.testcases.HimazTestPage" name="testMethodFour" time="25.842"/>
  <system-out/>
  <testcase classname="com.qa.testcases.HimazTestPage" name="testMethodSeven" time="23.330"/>
  <system-out/>
  <testcase classname="com.qa.testcases.HimazTestPage" name="testMethodNine" time="26.465"/>
  <system-out/>
  <testcase classname="com.qa.testcases.HimazTestPage" name="testMethodTwo" time="17.638"/>
  <system-out/>
</testsuite> <!-- com.qa.testcases.HimazTestPage -->
